<?xml version="1.0" encoding="UTF-8"?>
<testsuite name="com.example.carlauncher.ui.CockpitUiStateTest" tests="5" skipped="0" failures="0" errors="0" timestamp="2026-09-10T06:19:32.437Z" hostname="DESKTOP-H9SISPA" time="0.004">
  <properties/>
  <testcase name="initialAllowsStartAndHasNoVehicleData" classname="com.example.carlauncher.ui.CockpitUiStateTest" time="0.002"/>
  <testcase name="availabilityAloneDoesNotMeanOnlineAndWaitingCanBeStopped" classname="com.example.carlauncher.ui.CockpitUiStateTest" time="0.001"/>
  <testcase name="unavailableAndStartFailureAreDistinctAndCanBeStopped" classname="com.example.carlauncher.ui.CockpitUiStateTest" time="0.0"/>
  <testcase name="errorAndTimeoutCannotDisplayPreviousSuccess" classname="com.example.carlauncher.ui.CockpitUiStateTest" time="0.0"/>
  <testcase name="successfulResponseIsOnlineButLocalInvalidityRemainsVisible" classname="com.example.carlauncher.ui.CockpitUiStateTest" time="0.0"/>
  <system-out><![CDATA[]]></system-out>
  <system-err><![CDATA[]]></system-err>
</testsuite>
