<?xml version="1.0" encoding="UTF-8"?>
<testsuite name="com.example.carlauncher.model.EnumValueContractTest" tests="3" skipped="0" failures="0" errors="0" timestamp="2026-09-10T06:19:32.381Z" hostname="DESKTOP-H9SISPA" time="0.002">
  <properties/>
  <testcase name="dataValidity_getValueMatchesWireContract" classname="com.example.carlauncher.model.EnumValueContractTest" time="0.001"/>
  <testcase name="turnSignal_getValueMatchesWireContract" classname="com.example.carlauncher.model.EnumValueContractTest" time="0.0"/>
  <testcase name="warningState_getValueMatchesWireContract" classname="com.example.carlauncher.model.EnumValueContractTest" time="0.001"/>
  <system-out><![CDATA[]]></system-out>
  <system-err><![CDATA[]]></system-err>
</testsuite>
