<?xml version="1.0" encoding="UTF-8"?>
<testsuite name="com.example.carlauncher.model.GearTest" tests="5" skipped="0" failures="0" errors="0" timestamp="2026-09-10T06:19:32.386Z" hostname="DESKTOP-H9SISPA" time="0.001">
  <properties/>
  <testcase name="fromString_unknownDefaultsToPark" classname="com.example.carlauncher.model.GearTest" time="0.0"/>
  <testcase name="fromString_mapsKnownValues" classname="com.example.carlauncher.model.GearTest" time="0.0"/>
  <testcase name="fromString_nullDefaultsToPark" classname="com.example.carlauncher.model.GearTest" time="0.0"/>
  <testcase name="getValue_matchesWireContract" classname="com.example.carlauncher.model.GearTest" time="0.0"/>
  <testcase name="fromString_isCaseInsensitive" classname="com.example.carlauncher.model.GearTest" time="0.0"/>
  <system-out><![CDATA[]]></system-out>
  <system-err><![CDATA[]]></system-err>
</testsuite>
