<?xml version='1.0' encoding='UTF-8' ?>
<testsuites tests="1" failures="0" errors="0" skipped="0" time="1.768" timestamp="2026-09-09T06:54:44" hostname="localhost">
  <testsuite name="com.example.carlauncher.someip.VsomeipNativeProbeTest" tests="1" failures="0" errors="0" skipped="0" time="0.098" timestamp="2026-09-09T06:54:44" hostname="localhost">
    <properties>
      <property name="device" value="Automotive_1408p_landscape(AVD) - 15" />
      <property name="flavor" value="" />
      <property name="project" value=":app" />
    </properties>
    <testcase name="nativeRegistrationAndRepeatedStopAreSafe" classname="com.example.carlauncher.someip.VsomeipNativeProbeTest" time="0.098" />
  </testsuite>
</testsuites>