<?xml version="1.0" encoding="UTF-8"?>
<testsuite name="com.example.carlauncher.someip.VehicleEventCodecTest" tests="4" skipped="0" failures="0" errors="0" timestamp="2026-09-17T09:21:32.326Z" hostname="DESKTOP-H9SISPA" time="0.012">
  <properties/>
  <testcase name="eventsDriveWatchdogWithoutInventingMethodResponseCodes" classname="com.example.carlauncher.someip.VehicleEventCodecTest" time="0.001"/>
  <testcase name="invalidScenarioIsMarkedBeforeModelClamping" classname="com.example.carlauncher.someip.VehicleEventCodecTest" time="0.0"/>
  <testcase name="malformedIdentityAndMissingFieldsAreRejected" classname="com.example.carlauncher.someip.VehicleEventCodecTest" time="0.01"/>
  <testcase name="fullSnapshotPreservesDashboardFields" classname="com.example.carlauncher.someip.VehicleEventCodecTest" time="0.001"/>
  <system-out><![CDATA[]]></system-out>
  <system-err><![CDATA[]]></system-err>
</testsuite>
