<?xml version="1.0" encoding="UTF-8"?>
<testsuite name="com.example.carlauncher.someip.SomeipEventWatchdogContractTest" tests="6" skipped="0" failures="0" errors="0" timestamp="2026-09-17T09:21:32.260Z" hostname="DESKTOP-H9SISPA" time="0.001">
  <properties/>
  <testcase name="availableWithoutEvent_timesOutAtExactDeadline" classname="com.example.carlauncher.someip.SomeipEventWatchdogContractTest" time="0.0"/>
  <testcase name="unavailable_ignoresQueuedEventUntilRediscovered" classname="com.example.carlauncher.someip.SomeipEventWatchdogContractTest" time="0.001"/>
  <testcase name="duplicateAvailability_doesNotExtendLastEventDeadline" classname="com.example.carlauncher.someip.SomeipEventWatchdogContractTest" time="0.0"/>
  <testcase name="eventRefreshesDeadline_andRecoversAfterTimeoutWithoutMethodCode" classname="com.example.carlauncher.someip.SomeipEventWatchdogContractTest" time="0.0"/>
  <testcase name="startFailure_ignoresEventsUntilExplicitRestart" classname="com.example.carlauncher.someip.SomeipEventWatchdogContractTest" time="0.0"/>
  <testcase name="stopped_ignoresLateEventAndAvailability" classname="com.example.carlauncher.someip.SomeipEventWatchdogContractTest" time="0.0"/>
  <system-out><![CDATA[]]></system-out>
  <system-err><![CDATA[]]></system-err>
</testsuite>
