<?xml version="1.0" encoding="UTF-8"?>
<testsuite name="com.example.carlauncher.data.mock.MockVehicleDataSourceTest" tests="10" skipped="0" failures="1" errors="0" timestamp="2026-09-17T09:21:32.141Z" hostname="DESKTOP-H9SISPA" time="0.034">
  <properties/>
  <testcase name="ticks_driveSpeedCycle_betweenZeroAndHundred" classname="com.example.carlauncher.data.mock.MockVehicleDataSourceTest" time="0.016"/>
  <testcase name="stop_beforeQueuedSilenceTransitionDoesNotDereferenceClearedListener" classname="com.example.carlauncher.data.mock.MockVehicleDataSourceTest" time="0.008">
    <failure message="java.lang.NullPointerException: Cannot invoke &quot;com.example.carlauncher.data.VehicleDataSource$Listener.onSourceStatusChanged(com.example.carlauncher.data.DataSourceStatus)&quot; because &quot;this.listener&quot; is null" type="java.lang.NullPointerException">java.lang.NullPointerException: Cannot invoke &quot;com.example.carlauncher.data.VehicleDataSource$Listener.onSourceStatusChanged(com.example.carlauncher.data.DataSourceStatus)&quot; because &quot;this.listener&quot; is null
	at com.example.carlauncher.data.mock.MockVehicleDataSource.generateState(MockVehicleDataSource.java:84)
	at com.example.carlauncher.data.mock.MockVehicleDataSourceTest$ControllableScheduler.tick(MockVehicleDataSourceTest.java:93)
	at com.example.carlauncher.data.mock.MockVehicleDataSourceTest.stop_beforeQueuedSilenceTransitionDoesNotDereferenceClearedListener(MockVehicleDataSourceTest.java:313)
	at java.base/jdk.internal.reflect.DirectMethodHandleAccessor.invoke(DirectMethodHandleAccessor.java:103)
	at java.base/java.lang.reflect.Method.invoke(Method.java:580)
	at org.junit.runners.model.FrameworkMethod$1.runReflectiveCall(FrameworkMethod.java:59)
	at org.junit.internal.runners.model.ReflectiveCallable.run(ReflectiveCallable.java:12)
	at org.junit.runners.model.FrameworkMethod.invokeExplosively(FrameworkMethod.java:56)
	at org.junit.internal.runners.statements.InvokeMethod.evaluate(InvokeMethod.java:17)
	at org.junit.runners.ParentRunner$3.evaluate(ParentRunner.java:306)
	at org.junit.runners.BlockJUnit4ClassRunner$1.evaluate(BlockJUnit4ClassRunner.java:100)
	at org.junit.runners.ParentRunner.runLeaf(ParentRunner.java:366)
	at org.junit.runners.BlockJUnit4ClassRunner.runChild(BlockJUnit4ClassRunner.java:103)
	at org.junit.runners.BlockJUnit4ClassRunner.runChild(BlockJUnit4ClassRunner.java:63)
	at org.junit.runners.ParentRunner$4.run(ParentRunner.java:331)
	at org.junit.runners.ParentRunner$1.schedule(ParentRunner.java:79)
	at org.junit.runners.ParentRunner.runChildren(ParentRunner.java:329)
	at org.junit.runners.ParentRunner.access$100(ParentRunner.java:66)
	at org.junit.runners.ParentRunner$2.evaluate(ParentRunner.java:293)
	at org.junit.runners.ParentRunner$3.evaluate(ParentRunner.java:306)
	at org.junit.runners.ParentRunner.run(ParentRunner.java:413)
	at org.junit.runner.JUnitCore.run(JUnitCore.java:137)
	at org.junit.runner.JUnitCore.run(JUnitCore.java:115)
	at org.gradle.api.internal.tasks.testing.junit.JUnitTestExecutor.runRequest(JUnitTestExecutor.java:175)
	at org.gradle.api.internal.tasks.testing.junit.JUnitTestExecutor.accept(JUnitTestExecutor.java:84)
	at org.gradle.api.internal.tasks.testing.junit.JUnitTestExecutor.accept(JUnitTestExecutor.java:47)
	at org.gradle.api.internal.tasks.testing.junit.AbstractJUnitTestDefinitionProcessor.processTestDefinition(AbstractJUnitTestDefinitionProcessor.java:65)
	at org.gradle.api.internal.tasks.testing.SuiteTestDefinitionProcessor.processTestDefinition(SuiteTestDefinitionProcessor.java:53)
	at java.base/jdk.internal.reflect.DirectMethodHandleAccessor.invoke(DirectMethodHandleAccessor.java:103)
	at java.base/java.lang.reflect.Method.invoke(Method.java:580)
	at org.gradle.internal.dispatch.MethodInvocation.invokeOn(MethodInvocation.java:77)
	at org.gradle.internal.dispatch.ReflectionDispatch.dispatch(ReflectionDispatch.java:28)
	at org.gradle.internal.dispatch.ReflectionDispatch.dispatch(ReflectionDispatch.java:19)
	at org.gradle.internal.dispatch.ContextClassLoaderDispatch.dispatch(ContextClassLoaderDispatch.java:33)
	at org.gradle.internal.dispatch.ProxyDispatchAdapter$DispatchingInvocationHandler.invoke(ProxyDispatchAdapter.java:88)
	at jdk.proxy2/jdk.proxy2.$Proxy6.processTestDefinition(Unknown Source)
	at org.gradle.api.internal.tasks.testing.worker.TestWorker$2.run(TestWorker.java:178)
	at org.gradle.api.internal.tasks.testing.worker.TestWorker.executeAndMaintainThreadName(TestWorker.java:126)
	at org.gradle.api.internal.tasks.testing.worker.TestWorker.execute(TestWorker.java:103)
	at org.gradle.api.internal.tasks.testing.worker.TestWorker.execute(TestWorker.java:63)
	at org.gradle.process.internal.worker.child.ActionExecutionWorker.execute(ActionExecutionWorker.java:56)
	at org.gradle.process.internal.worker.child.SystemApplicationClassLoaderWorker.call(SystemApplicationClassLoaderWorker.java:122)
	at org.gradle.process.internal.worker.child.SystemApplicationClassLoaderWorker.call(SystemApplicationClassLoaderWorker.java:72)
	at worker.org.gradle.process.internal.worker.GradleWorkerMain.run(GradleWorkerMain.java:69)
	at worker.org.gradle.process.internal.worker.GradleWorkerMain.main(GradleWorkerMain.java:74)
</failure>
  </testcase>
  <testcase name="start_whileAlreadyRunning_ignoresSecondListener" classname="com.example.carlauncher.data.mock.MockVehicleDataSourceTest" time="0.001"/>
  <testcase name="factory_mockSourceType_createsMockDataSource" classname="com.example.carlauncher.data.mock.MockVehicleDataSourceTest" time="0.001"/>
  <testcase name="stop_reportsStopped_andClearsRunningState" classname="com.example.carlauncher.data.mock.MockVehicleDataSourceTest" time="0.001"/>
  <testcase name="invalidWindow_emitsInvalidSpeedFrames" classname="com.example.carlauncher.data.mock.MockVehicleDataSourceTest" time="0.0"/>
  <testcase name="silentWindow_reportsNoData_thenResumesConnected" classname="com.example.carlauncher.data.mock.MockVehicleDataSourceTest" time="0.001"/>
  <testcase name="stop_twiceEmitsStoppedOnceAndDropsAlreadyQueuedNormalFrame" classname="com.example.carlauncher.data.mock.MockVehicleDataSourceTest" time="0.0"/>
  <testcase name="invalidWindow_lastFramePreservesRawBatteryAndClampsSoc" classname="com.example.carlauncher.data.mock.MockVehicleDataSourceTest" time="0.0"/>
  <testcase name="start_reportsConnected_andGeneratesNormalFrames" classname="com.example.carlauncher.data.mock.MockVehicleDataSourceTest" time="0.001"/>
  <system-out><![CDATA[]]></system-out>
  <system-err><![CDATA[]]></system-err>
</testsuite>
