<?xml version="1.0" encoding="UTF-8"?>
<testsuite name="com.example.carlauncher.ui.CockpitConnectionStateTest" tests="5" skipped="0" failures="0" errors="0" timestamp="2026-09-14T07:42:08.942Z" hostname="DESKTOP-H9SISPA" time="0.001">
  <properties/>
  <testcase name="testInvalidData" classname="com.example.carlauncher.ui.CockpitConnectionStateTest" time="0.0"/>
  <testcase name="testConnecting" classname="com.example.carlauncher.ui.CockpitConnectionStateTest" time="0.0"/>
  <testcase name="testDisconnected" classname="com.example.carlauncher.ui.CockpitConnectionStateTest" time="0.0"/>
  <testcase name="testRecovering" classname="com.example.carlauncher.ui.CockpitConnectionStateTest" time="0.0"/>
  <testcase name="testOnline" classname="com.example.carlauncher.ui.CockpitConnectionStateTest" time="0.0"/>
  <system-out><![CDATA[]]></system-out>
  <system-err><![CDATA[]]></system-err>
</testsuite>
