<?xml version="1.0" encoding="UTF-8"?>
<testsuite name="com.example.carlauncher.someip.VehicleEventCodecTest" tests="4" skipped="0" failures="0" errors="0" timestamp="2026-09-14T07:42:08.926Z" hostname="DESKTOP-H9SISPA" time="0.014">
  <properties/>
  <testcase name="eventsDriveWatchdogWithoutInventingMethodResponseCodes" classname="com.example.carlauncher.someip.VehicleEventCodecTest" time="0.0"/>
  <testcase name="invalidScenarioIsMarkedBeforeModelClamping" classname="com.example.carlauncher.someip.VehicleEventCodecTest" time="0.002"/>
  <testcase name="malformedIdentityAndMissingFieldsAreRejected" classname="com.example.carlauncher.someip.VehicleEventCodecTest" time="0.011"/>
  <testcase name="fullSnapshotPreservesDashboardFields" classname="com.example.carlauncher.someip.VehicleEventCodecTest" time="0.001"/>
  <system-out><![CDATA[]]></system-out>
  <system-err><![CDATA[]]></system-err>
</testsuite>
