<?xml version="1.0" encoding="UTF-8"?>
<testsuite name="com.example.carlauncher.someip.SomeipPayloadCodecTest" tests="4" skipped="0" failures="0" errors="0" timestamp="2026-09-14T07:42:08.919Z" hostname="DESKTOP-H9SISPA" time="0.005">
  <properties/>
  <testcase name="frozenVectorUsesBigEndianAtEveryOffset" classname="com.example.carlauncher.someip.SomeipPayloadCodecTest" time="0.003"/>
  <testcase name="invalidInputsUseSentinelsInsteadOfWrapping" classname="com.example.carlauncher.someip.SomeipPayloadCodecTest" time="0.001"/>
  <testcase name="malformedLengthsAreRejected" classname="com.example.carlauncher.someip.SomeipPayloadCodecTest" time="0.001"/>
  <testcase name="unsignedSequenceAndInclusiveBoundsArePreserved" classname="com.example.carlauncher.someip.SomeipPayloadCodecTest" time="0.0"/>
  <system-out><![CDATA[]]></system-out>
  <system-err><![CDATA[]]></system-err>
</testsuite>
