<?xml version="1.0" encoding="UTF-8"?>
<testsuite name="com.example.carlauncher.model.VehicleStateValidatorTest" tests="9" skipped="0" failures="0" errors="0" timestamp="2026-09-14T07:42:08.910Z" hostname="DESKTOP-H9SISPA" time="0.001">
  <properties/>
  <testcase name="validate_nanReturnsInvalidSpeed" classname="com.example.carlauncher.model.VehicleStateValidatorTest" time="0.001"/>
  <testcase name="validate_negativeInfinityReturnsInvalidSpeed" classname="com.example.carlauncher.model.VehicleStateValidatorTest" time="0.0"/>
  <testcase name="validate_speedAboveMaxReturnsInvalidSpeed" classname="com.example.carlauncher.model.VehicleStateValidatorTest" time="0.0"/>
  <testcase name="validate_nullGearReturnsIncomplete" classname="com.example.carlauncher.model.VehicleStateValidatorTest" time="0.0"/>
  <testcase name="validate_roundingAtUpperBoundary" classname="com.example.carlauncher.model.VehicleStateValidatorTest" time="0.0"/>
  <testcase name="validate_negativeSpeedReturnsInvalidSpeed" classname="com.example.carlauncher.model.VehicleStateValidatorTest" time="0.0"/>
  <testcase name="validate_positiveInfinityReturnsInvalidSpeed" classname="com.example.carlauncher.model.VehicleStateValidatorTest" time="0.0"/>
  <testcase name="validate_validSpeedAndGearReturnsValid" classname="com.example.carlauncher.model.VehicleStateValidatorTest" time="0.0"/>
  <testcase name="validate_invalidSpeedTakesPrecedenceOverMissingGear" classname="com.example.carlauncher.model.VehicleStateValidatorTest" time="0.0"/>
  <system-out><![CDATA[]]></system-out>
  <system-err><![CDATA[]]></system-err>
</testsuite>
