<?xml version="1.0" encoding="UTF-8"?>
<testsuite name="com.example.carlauncher.data.VehicleProtocolTest" tests="4" skipped="0" failures="0" errors="0" timestamp="2026-09-14T07:42:08.877Z" hostname="DESKTOP-H9SISPA" time="0.002">
  <properties/>
  <testcase name="constants_matchProtocolContract" classname="com.example.carlauncher.data.VehicleProtocolTest" time="0.001"/>
  <testcase name="isSocValid_boundaries" classname="com.example.carlauncher.data.VehicleProtocolTest" time="0.0"/>
  <testcase name="isRpmValid_boundaries" classname="com.example.carlauncher.data.VehicleProtocolTest" time="0.001"/>
  <testcase name="isSpeedValid_boundaries" classname="com.example.carlauncher.data.VehicleProtocolTest" time="0.0"/>
  <system-out><![CDATA[]]></system-out>
  <system-err><![CDATA[]]></system-err>
</testsuite>
