<?xml version="1.0" encoding="UTF-8"?>
<testsuite name="com.example.carlauncher.someip.SomeipConnectionMonitorTest" tests="6" skipped="0" failures="0" errors="0" timestamp="2026-09-17T08:43:39.327Z" hostname="DESKTOP-H9SISPA" time="0.002">
  <properties/>
  <testcase name="responseRefreshesDeadlineAndRestoresAfterTimeout" classname="com.example.carlauncher.someip.SomeipConnectionMonitorTest" time="0.001"/>
  <testcase name="errorsShowTheirCodeAndEventuallyTimeOutWithoutFurtherResponses" classname="com.example.carlauncher.someip.SomeipConnectionMonitorTest" time="0.0"/>
  <testcase name="onlySuccessfulResponseEstablishesOnline" classname="com.example.carlauncher.someip.SomeipConnectionMonitorTest" time="0.001"/>
  <testcase name="firstResponseDeadlineIsInclusiveAndDuplicateOfferCannotExtendIt" classname="com.example.carlauncher.someip.SomeipConnectionMonitorTest" time="0.0"/>
  <testcase name="unavailableInvalidatesSuccessAndIgnoresQueuedResponses" classname="com.example.carlauncher.someip.SomeipConnectionMonitorTest" time="0.0"/>
  <testcase name="stoppedAndFailedSessionsIgnoreLateEventsAndCanRestart" classname="com.example.carlauncher.someip.SomeipConnectionMonitorTest" time="0.0"/>
  <system-out><![CDATA[]]></system-out>
  <system-err><![CDATA[]]></system-err>
</testsuite>
